# JRE version: Java(TM) SE Runtime Environment (8.0_60-b27) (build 1.8.0_60-b27)
# Java VM: Java HotSpot(TM) Client VM (25.60-b23 mixed mode windows-x86 )
Heap:
 def new generation   total 4928K, used 750K [0x04000000, 0x04550000, 0x09550000)
  eden space 4416K,   5% used [0x04000000, 0x0403bb18, 0x04450000)
  from space 512K, 100% used [0x04450000, 0x044d0000, 0x044d0000)
  to   space 512K,   0% used [0x044d0000, 0x044d0000, 0x04550000)
 tenured generation   total 10944K, used 8276K [0x09550000, 0x0a000000, 0x14000000)
   the space 10944K,  75% used [0x09550000, 0x09d650f0, 0x09d65200, 0x0a000000)
 Metaspace       used 5183K, capacity 5217K, committed 5248K, reserved 5504K
GC Heap History (10 events):
Event: 2.084 GC heap before
{Heap before GC invocations=1 (full 0):
 def new generation   total 4928K, used 4921K [0x04000000, 0x04550000, 0x09550000)
  eden space 4416K,  99% used [0x04000000, 0x0444e598, 0x04450000)
  from space 512K, 100% used [0x044d0000, 0x04550000, 0x04550000)
  to   space 512K,   0% used [0x04450000, 0x04450000, 0x044d0000)
 tenured generation   total 10944K, used 533K [0x09550000, 0x0a000000, 0x14000000)
   the space 10944K,   4% used [0x09550000, 0x095d5690, 0x095d5800, 0x0a000000)
 Metaspace       used 3921K, capacity 3937K, committed 4032K, reserved 4480K
Event: 2.089 GC heap after
Heap after GC invocations=2 (full 0):
 def new generation   total 4928K, used 512K [0x04000000, 0x04550000, 0x09550000)
  eden space 4416K,   0% used [0x04000000, 0x04000000, 0x04450000)
  from space 512K, 100% used [0x04450000, 0x044d0000, 0x044d0000)
  to   space 512K,   0% used [0x044d0000, 0x044d0000, 0x04550000)
 tenured generation   total 10944K, used 1469K [0x09550000, 0x0a000000, 0x14000000)
   the space 10944K,  13% used [0x09550000, 0x096bf5f8, 0x096bf600, 0x0a000000)
 Metaspace       used 3921K, capacity 3937K, committed 4032K, reserved 4480K
}
Event: 2.424 GC heap before
{Heap before GC invocations=2 (full 0):
 def new generation   total 4928K, used 4856K [0x04000000, 0x04550000, 0x09550000)
  eden space 4416K,  98% used [0x04000000, 0x0443e190, 0x04450000)
  from space 512K, 100% used [0x04450000, 0x044d0000, 0x044d0000)
  to   space 512K,   0% used [0x044d0000, 0x044d0000, 0x04550000)
 tenured generation   total 10944K, used 1469K [0x09550000, 0x0a000000, 0x14000000)
   the space 10944K,  13% used [0x09550000, 0x096bf5f8, 0x096bf600, 0x0a000000)
 Metaspace       used 4489K, capacity 4513K, committed 4608K, reserved 5504K
Event: 2.428 GC heap after
Heap after GC invocations=3 (full 0):
 def new generation   total 4928K, used 512K [0x04000000, 0x04550000, 0x09550000)
  eden space 4416K,   0% used [0x04000000, 0x04000000, 0x04450000)
  from space 512K, 100% used [0x044d0000, 0x04550000, 0x04550000)
  to   space 512K,   0% used [0x04450000, 0x04450000, 0x044d0000)
 tenured generation   total 10944K, used 2595K [0x09550000, 0x0a000000, 0x14000000)
   the space 10944K,  23% used [0x09550000, 0x097d8de8, 0x097d8e00, 0x0a000000)
 Metaspace       used 4489K, capacity 4513K, committed 4608K, reserved 5504K
}
Event: 2.675 GC heap before
{Heap before GC invocations=3 (full 0):
 def new generation   total 4928K, used 4928K [0x04000000, 0x04550000, 0x09550000)
  eden space 4416K, 100% used [0x04000000, 0x04450000, 0x04450000)
  from space 512K, 100% used [0x044d0000, 0x04550000, 0x04550000)
  to   space 512K,   0% used [0x04450000, 0x04450000, 0x044d0000)
 tenured generation   total 10944K, used 2595K [0x09550000, 0x0a000000, 0x14000000)
   the space 10944K,  23% used [0x09550000, 0x097d8de8, 0x097d8e00, 0x0a000000)
 Metaspace       used 4809K, capacity 4833K, committed 4864K, reserved 5504K
Event: 2.680 GC heap after
Heap after GC invocations=4 (full 0):
 def new generation   total 4928K, used 512K [0x04000000, 0x04550000, 0x09550000)
  eden space 4416K,   0% used [0x04000000, 0x04000000, 0x04450000)
  from space 512K, 100% used [0x04450000, 0x044d0000, 0x044d0000)
  to   space 512K,   0% used [0x044d0000, 0x044d0000, 0x04550000)
 tenured generation   total 10944K, used 4351K [0x09550000, 0x0a000000, 0x14000000)
   the space 10944K,  39% used [0x09550000, 0x0998fcc8, 0x0998fe00, 0x0a000000)
 Metaspace       used 4809K, capacity 4833K, committed 4864K, reserved 5504K
}
Event: 2.988 GC heap before
{Heap before GC invocations=4 (full 0):
 def new generation   total 4928K, used 4928K [0x04000000, 0x04550000, 0x09550000)
  eden space 4416K, 100% used [0x04000000, 0x04450000, 0x04450000)
  from space 512K, 100% used [0x04450000, 0x044d0000, 0x044d0000)
  to   space 512K,   0% used [0x044d0000, 0x044d0000, 0x04550000)
 tenured generation   total 10944K, used 4351K [0x09550000, 0x0a000000, 0x14000000)
   the space 10944K,  39% used [0x09550000, 0x0998fcc8, 0x0998fe00, 0x0a000000)
 Metaspace       used 5177K, capacity 5217K, committed 5248K, reserved 5504K
Event: 2.992 GC heap after
Heap after GC invocations=5 (full 0):
 def new generation   total 4928K, used 512K [0x04000000, 0x04550000, 0x09550000)
  eden space 4416K,   0% used [0x04000000, 0x04000000, 0x04450000)
  from space 512K, 100% used [0x044d0000, 0x04550000, 0x04550000)
  to   space 512K,   0% used [0x04450000, 0x04450000, 0x044d0000)
 tenured generation   total 10944K, used 5360K [0x09550000, 0x0a000000, 0x14000000)
   the space 10944K,  48% used [0x09550000, 0x09a8c040, 0x09a8c200, 0x0a000000)
 Metaspace       used 5177K, capacity 5217K, committed 5248K, reserved 5504K
}
Event: 3.410 GC heap before
{Heap before GC invocations=5 (full 0):
 def new generation   total 4928K, used 4889K [0x04000000, 0x04550000, 0x09550000)
  eden space 4416K,  99% used [0x04000000, 0x04446630, 0x04450000)
  from space 512K, 100% used [0x044d0000, 0x04550000, 0x04550000)
  to   space 512K,   0% used [0x04450000, 0x04450000, 0x044d0000)
 tenured generation   total 10944K, used 5360K [0x09550000, 0x0a000000, 0x14000000)
   the space 10944K,  48% used [0x09550000, 0x09a8c040, 0x09a8c200, 0x0a000000)
 Metaspace       used 5178K, capacity 5217K, committed 5248K, reserved 5504K
Event: 3.416 GC heap after
Heap after GC invocations=6 (full 0):
 def new generation   total 4928K, used 512K [0x04000000, 0x04550000, 0x09550000)
  eden space 4416K,   0% used [0x04000000, 0x04000000, 0x04450000)
  from space 512K, 100% used [0x04450000, 0x044d0000, 0x044d0000)
  to   space 512K,   0% used [0x044d0000, 0x044d0000, 0x04550000)
 tenured generation   total 10944K, used 8276K [0x09550000, 0x0a000000, 0x14000000)
   the space 10944K,  75% used [0x09550000, 0x09d650f0, 0x09d65200, 0x0a000000)
 Metaspace       used 5178K, capacity 5217K, committed 5248K, reserved 5504K
}

